  ESP.cpp
D:\GitHub\survival-postapocalypse-now\quale-hook\Menu.h(38,58): warning C4305: 'initializing': truncation from 'double' to 'float'
D:\GitHub\survival-postapocalypse-now\quale-hook\Menu.h(39,49): warning C4305: 'initializing': truncation from 'double' to 'float'
D:\GitHub\survival-postapocalypse-now\quale-hook\Menu.h(40,52): warning C4305: 'initializing': truncation from 'double' to 'float'
D:\GitHub\survival-postapocalypse-now\quale-hook\Menu.h(41,51): warning C4305: 'initializing': truncation from 'double' to 'float'
  Menu.cpp
D:\GitHub\survival-postapocalypse-now\quale-hook\Menu.h(38,58): warning C4305: 'initializing': truncation from 'double' to 'float'
D:\GitHub\survival-postapocalypse-now\quale-hook\Menu.h(39,49): warning C4305: 'initializing': truncation from 'double' to 'float'
D:\GitHub\survival-postapocalypse-now\quale-hook\Menu.h(40,52): warning C4305: 'initializing': truncation from 'double' to 'float'
D:\GitHub\survival-postapocalypse-now\quale-hook\Menu.h(41,51): warning C4305: 'initializing': truncation from 'double' to 'float'
  Quale-hook.cpp
D:\GitHub\survival-postapocalypse-now\quale-hook\Menu.h(38,58): warning C4305: 'initializing': truncation from 'double' to 'float'
D:\GitHub\survival-postapocalypse-now\quale-hook\Menu.h(39,49): warning C4305: 'initializing': truncation from 'double' to 'float'
D:\GitHub\survival-postapocalypse-now\quale-hook\Menu.h(40,52): warning C4305: 'initializing': truncation from 'double' to 'float'
D:\GitHub\survival-postapocalypse-now\quale-hook\Menu.h(41,51): warning C4305: 'initializing': truncation from 'double' to 'float'
D:\GitHub\survival-postapocalypse-now\quale-hook\Quale-hook.cpp(55,32): warning C4244: '=': conversion from 'LONG' to 'float', possible loss of data
D:\GitHub\survival-postapocalypse-now\quale-hook\Quale-hook.cpp(56,32): warning C4244: '=': conversion from 'LONG' to 'float', possible loss of data
D:\GitHub\survival-postapocalypse-now\quale-hook\Quale-hook.cpp(126,34): warning C4244: '=': conversion from 'LONG' to 'float', possible loss of data
D:\GitHub\survival-postapocalypse-now\quale-hook\Quale-hook.cpp(127,34): warning C4244: '=': conversion from 'LONG' to 'float', possible loss of data
  vars.cpp
D:\GitHub\survival-postapocalypse-now\quale-hook\Menu.h(38,58): warning C4305: 'initializing': truncation from 'double' to 'float'
D:\GitHub\survival-postapocalypse-now\quale-hook\Menu.h(39,49): warning C4305: 'initializing': truncation from 'double' to 'float'
D:\GitHub\survival-postapocalypse-now\quale-hook\Menu.h(40,52): warning C4305: 'initializing': truncation from 'double' to 'float'
D:\GitHub\survival-postapocalypse-now\quale-hook\Menu.h(41,51): warning C4305: 'initializing': truncation from 'double' to 'float'
LINK : warning LNK4044: unrecognized option '/Zc:threadSafeInit-'; ignored
  Generating code
  30 of 1304 functions ( 2.3%) were compiled, the rest were copied from previous compilation.
    1 functions were new in current compilation
    18 functions had inline decision re-evaluated but remain unchanged
  Finished generating code
detours.lib(detours.obj) : warning LNK4099: PDB 'detours.pdb' was not found with 'detours.lib(detours.obj)' or at 'D:\GitHub\survival-postapocalypse-now\quale-hook\x64\Release\detours.pdb'; linking object as if no debug info
detours.lib(modules.obj) : warning LNK4099: PDB 'detours.pdb' was not found with 'detours.lib(modules.obj)' or at 'D:\GitHub\survival-postapocalypse-now\quale-hook\x64\Release\detours.pdb'; linking object as if no debug info
detours.lib(disasm.obj) : warning LNK4099: PDB 'detours.pdb' was not found with 'detours.lib(disasm.obj)' or at 'D:\GitHub\survival-postapocalypse-now\quale-hook\x64\Release\detours.pdb'; linking object as if no debug info
  quale-hook.vcxproj -> D:\GitHub\survival-postapocalypse-now\quale-hook\x64\Release\quale-hook.dll
