d:\github\survival-postapocalypse-now\quale-hook\x64\debug\vc142.pdb
d:\github\survival-postapocalypse-now\quale-hook\x64\debug\vc142.idb
d:\github\survival-postapocalypse-now\quale-hook\x64\debug\vars.obj
d:\github\survival-postapocalypse-now\quale-hook\x64\debug\imgui_widgets.obj
d:\github\survival-postapocalypse-now\quale-hook\x64\debug\imgui_impl_win32.obj
d:\github\survival-postapocalypse-now\quale-hook\x64\debug\imgui_impl_dx11.obj
d:\github\survival-postapocalypse-now\quale-hook\x64\debug\imgui_draw.obj
d:\github\survival-postapocalypse-now\quale-hook\x64\debug\imgui_demo.obj
d:\github\survival-postapocalypse-now\quale-hook\x64\debug\imgui.obj
d:\github\survival-postapocalypse-now\quale-hook\x64\debug\engine_functions.obj
d:\github\survival-postapocalypse-now\quale-hook\x64\debug\coreuobject_functions.obj
d:\github\survival-postapocalypse-now\quale-hook\x64\debug\basichelper.obj
d:\github\survival-postapocalypse-now\quale-hook\x64\debug\quale-hook.obj
d:\github\survival-postapocalypse-now\quale-hook\x64\debug\menu.obj
d:\github\survival-postapocalypse-now\quale-hook\x64\debug\esp.obj
d:\github\survival-postapocalypse-now\quale-hook\x64\debug\coreuobject_structs.obj
d:\github\survival-postapocalypse-now\quale-hook\x64\debug\cv3_gamemode_functions.obj
d:\github\survival-postapocalypse-now\quale-hook\x64\debug\quale-hook.dll
d:\github\survival-postapocalypse-now\quale-hook\x64\debug\quale-hook.ilk
d:\github\survival-postapocalypse-now\quale-hook\x64\debug\quale-hook.pdb
d:\github\survival-postapocalypse-now\quale-hook\x64\debug\quale-hook.tlog\cl.command.1.tlog
d:\github\survival-postapocalypse-now\quale-hook\x64\debug\quale-hook.tlog\cl.read.1.tlog
d:\github\survival-postapocalypse-now\quale-hook\x64\debug\quale-hook.tlog\cl.write.1.tlog
d:\github\survival-postapocalypse-now\quale-hook\x64\debug\quale-hook.tlog\link.command.1.tlog
d:\github\survival-postapocalypse-now\quale-hook\x64\debug\quale-hook.tlog\link.read.1.tlog
d:\github\survival-postapocalypse-now\quale-hook\x64\debug\quale-hook.tlog\link.write.1.tlog
